2026-01-16 15:10:51:1051 debug: 🕒 Request procesada para Timezone: UTC | Server Time: 2026-01-16T20:10:51.036Z 
2026-01-16 15:10:51:1051 http: GET /api-docs 301 17.080 ms 
2026-01-16 15:10:51:1051 debug: 🕒 Request procesada para Timezone: UTC | Server Time: 2026-01-16T20:10:51.107Z 
2026-01-16 15:10:51:1051 http: GET /api-docs/ 200 17.506 ms 
2026-01-16 15:10:51:1051 debug: 🕒 Request procesada para Timezone: UTC | Server Time: 2026-01-16T20:10:51.470Z 
2026-01-16 15:10:51:1051 debug: 🕒 Request procesada para Timezone: UTC | Server Time: 2026-01-16T20:10:51.476Z 
2026-01-16 15:10:51:1051 debug: 🕒 Request procesada para Timezone: UTC | Server Time: 2026-01-16T20:10:51.488Z 
2026-01-16 15:10:51:1051 debug: 🕒 Request procesada para Timezone: UTC | Server Time: 2026-01-16T20:10:51.491Z 
2026-01-16 15:10:51:1051 http: GET /api-docs/swagger-ui-init.js 200 1.450 ms 
2026-01-16 15:10:51:1051 http: GET /api-docs/swagger-ui.css 200 53.547 ms 
2026-01-16 15:10:51:1051 http: GET /api-docs/swagger-ui-standalone-preset.js 200 101.866 ms 
2026-01-16 15:10:51:1051 http: GET /api-docs/swagger-ui-bundle.js 200 51.274 ms 
2026-01-16 15:10:52:1052 debug: 🕒 Request procesada para Timezone: UTC | Server Time: 2026-01-16T20:10:52.413Z 
2026-01-16 15:10:52:1052 http: GET /api-docs/favicon-32x32.png 200 7.196 ms 
2026-01-16 15:17:38:1738 debug: 🕒 Request procesada para Timezone: UTC | Server Time: 2026-01-16T20:17:38.352Z 
2026-01-16 15:17:38:1738 http: GET /api 404 70.218 ms 
2026-01-16 15:17:38:1738 debug: 🕒 Request procesada para Timezone: UTC | Server Time: 2026-01-16T20:17:38.707Z 
2026-01-16 15:17:38:1738 http: GET /favicon.ico 404 3.068 ms 
2026-01-16 16:41:34:4134 debug: ✅ Conexión a MySQL establecida correctamente. 
2026-01-16 16:41:37:4137 debug: ✅ Modelos sincronizados con la base de datos. 
2026-01-16 17:22:13:2213 debug: ✅ Conexión a MySQL establecida correctamente. 
2026-01-16 17:22:15:2215 debug: ✅ Modelos sincronizados con la base de datos. 
2026-01-16 19:15:56:1556 debug: ✅ Conexión a MySQL establecida correctamente. 
2026-01-16 19:15:58:1558 debug: ✅ Modelos sincronizados con la base de datos. 
2026-01-16 19:16:51:1651 debug: ✅ Conexión a MySQL establecida correctamente. 
2026-01-16 19:16:54:1654 debug: ✅ Modelos sincronizados con la base de datos. 
2026-01-16 19:18:18:1818 debug: ✅ Conexión a MySQL establecida correctamente. 
2026-01-16 19:18:19:1819 debug: ✅ Modelos sincronizados con la base de datos. 
2026-01-16 19:18:27:1827 debug: 🕒 Request procesada para Timezone: UTC | Server Time: 2026-01-17T00:18:27.141Z 
2026-01-16 19:18:27:1827 http: GET / 200 13.704 ms 
2026-01-16 19:18:34:1834 debug: 🕒 Request procesada para Timezone: UTC | Server Time: 2026-01-17T00:18:34.675Z 
2026-01-16 19:18:34:1834 http: GET /api 404 39.380 ms 
2026-01-16 19:18:55:1855 debug: 🕒 Request procesada para Timezone: UTC | Server Time: 2026-01-17T00:18:55.341Z 
2026-01-16 19:18:55:1855 http: GET /user/change-password 404 1.353 ms 
2026-01-16 19:20:21:2021 debug: ✅ Conexión a MySQL establecida correctamente. 
2026-01-16 19:20:23:2023 debug: ✅ Modelos sincronizados con la base de datos. 
2026-01-16 19:20:25:2025 debug: 🕒 Request procesada para Timezone: UTC | Server Time: 2026-01-17T00:20:25.073Z 
2026-01-16 19:20:25:2025 http: GET /auth 404 7.086 ms 
2026-01-16 19:20:27:2027 debug: 🕒 Request procesada para Timezone: UTC | Server Time: 2026-01-17T00:20:27.980Z 
2026-01-16 19:20:27:2027 http: GET /auth 404 2.451 ms 
2026-01-16 19:20:32:2032 debug: 🕒 Request procesada para Timezone: UTC | Server Time: 2026-01-17T00:20:32.156Z 
2026-01-16 19:20:32:2032 http: GET / 200 2.949 ms 
2026-01-16 19:20:36:2036 debug: 🕒 Request procesada para Timezone: UTC | Server Time: 2026-01-17T00:20:36.388Z 
2026-01-16 19:20:36:2036 http: GET /auth 404 0.810 ms 
2026-01-16 19:20:47:2047 debug: 🕒 Request procesada para Timezone: UTC | Server Time: 2026-01-17T00:20:47.302Z 
2026-01-16 19:20:47:2047 http: GET /api/auth 200 36.291 ms 
2026-01-16 19:22:25:2225 debug: ✅ Conexión a MySQL establecida correctamente. 
2026-01-16 19:22:26:2226 debug: ✅ Modelos sincronizados con la base de datos. 
2026-01-16 19:24:20:2420 debug: ✅ Conexión a MySQL establecida correctamente. 
2026-01-16 19:24:22:2422 debug: ✅ Modelos sincronizados con la base de datos. 
2026-01-16 19:24:56:2456 debug: ✅ Conexión a MySQL establecida correctamente. 
2026-01-16 19:24:58:2458 debug: ✅ Modelos sincronizados con la base de datos. 
2026-01-16 19:26:09:269 debug: ✅ Conexión a MySQL establecida correctamente. 
2026-01-16 19:26:11:2611 debug: ✅ Modelos sincronizados con la base de datos. 
2026-01-16 19:26:47:2647 debug: ✅ Conexión a MySQL establecida correctamente. 
2026-01-16 19:26:49:2649 debug: ✅ Modelos sincronizados con la base de datos. 
2026-01-16 19:27:24:2724 debug: ✅ Conexión a MySQL establecida correctamente. 
2026-01-16 19:27:26:2726 debug: ✅ Modelos sincronizados con la base de datos. 
2026-01-16 19:28:25:2825 debug: ✅ Conexión a MySQL establecida correctamente. 
2026-01-16 19:28:27:2827 debug: ✅ Modelos sincronizados con la base de datos. 
2026-01-16 19:29:52:2952 debug: ✅ Conexión a MySQL establecida correctamente. 
2026-01-16 19:29:54:2954 debug: ✅ Modelos sincronizados con la base de datos. 
2026-01-16 19:31:02:312 debug: ✅ Conexión a MySQL establecida correctamente. 
2026-01-16 19:31:04:314 debug: ✅ Modelos sincronizados con la base de datos. 
2026-01-16 19:31:51:3151 debug: ✅ Conexión a MySQL establecida correctamente. 
2026-01-16 19:32:31:3231 debug: ✅ Conexión a MySQL establecida correctamente. 
2026-01-16 19:32:32:3232 debug: ✅ Modelos sincronizados con la base de datos. 
2026-01-16 19:33:08:338 debug: ✅ Conexión a MySQL establecida correctamente. 
2026-01-16 19:33:10:3310 debug: ✅ Modelos sincronizados con la base de datos. 
2026-01-16 19:33:40:3340 debug: ✅ Conexión a MySQL establecida correctamente. 
2026-01-16 19:33:42:3342 debug: ✅ Modelos sincronizados con la base de datos. 
2026-01-16 19:34:54:3454 debug: ✅ Conexión a MySQL establecida correctamente. 
2026-01-16 19:34:56:3456 debug: ✅ Modelos sincronizados con la base de datos. 
2026-01-16 19:34:58:3458 debug: 🕒 Request procesada para Timezone: UTC | Server Time: 2026-01-17T00:34:58.347Z 
2026-01-16 19:34:58:3458 http: GET /api/auth/logout 404 43.024 ms 
2026-01-16 19:35:47:3547 debug: ✅ Conexión a MySQL establecida correctamente. 
2026-01-16 19:35:48:3548 debug: ✅ Modelos sincronizados con la base de datos. 
2026-01-16 19:35:51:3551 debug: 🕒 Request procesada para Timezone: UTC | Server Time: 2026-01-17T00:35:51.872Z 
2026-01-16 19:35:51:3551 http: GET /api/auth/logout 404 42.359 ms 
2026-01-16 19:38:42:3842 debug: ✅ Conexión a MySQL establecida correctamente. 
2026-01-16 19:38:43:3843 debug: ✅ Modelos sincronizados con la base de datos. 
2026-01-16 19:38:45:3845 debug: 🕒 Request procesada para Timezone: UTC | Server Time: 2026-01-17T00:38:45.115Z 
2026-01-16 19:38:45:3845 http: GET /api/auth/logout 404 36.607 ms 
2026-01-16 19:38:46:3846 debug: 🕒 Request procesada para Timezone: UTC | Server Time: 2026-01-17T00:38:46.633Z 
2026-01-16 19:38:46:3846 http: GET /api/auth/logout 404 4.551 ms 
2026-01-16 19:38:47:3847 debug: 🕒 Request procesada para Timezone: UTC | Server Time: 2026-01-17T00:38:47.661Z 
2026-01-16 19:38:47:3847 http: GET /api/auth/logout 404 3.054 ms 
2026-01-16 19:38:48:3848 debug: 🕒 Request procesada para Timezone: UTC | Server Time: 2026-01-17T00:38:48.478Z 
2026-01-16 19:38:48:3848 http: GET /api/auth/logout 404 2.269 ms 
2026-01-16 19:38:57:3857 debug: 🕒 Request procesada para Timezone: UTC | Server Time: 2026-01-17T00:38:57.966Z 
2026-01-16 19:38:57:3857 http: GET /api/auth/ 404 2.853 ms 
2026-01-16 19:39:12:3912 debug: 🕒 Request procesada para Timezone: UTC | Server Time: 2026-01-17T00:39:12.970Z 
2026-01-16 19:39:12:3912 http: POST /api/auth/logout 200 2.748 ms 
2026-01-16 19:39:21:3921 debug: 🕒 Request procesada para Timezone: UTC | Server Time: 2026-01-17T00:39:21.211Z 
2026-01-16 19:39:21:3921 http: POST /api/auth/reset-password 200 2.460 ms 
2026-01-16 19:39:25:3925 debug: 🕒 Request procesada para Timezone: UTC | Server Time: 2026-01-17T00:39:25.838Z 
2026-01-16 19:39:25:3925 http: POST /api/auth/forgot-password 200 1.800 ms 
2026-01-16 19:39:29:3929 debug: 🕒 Request procesada para Timezone: UTC | Server Time: 2026-01-17T00:39:29.214Z 
2026-01-16 19:39:29:3929 http: POST /api/auth/forgot-password 200 3.373 ms 
2026-01-16 19:40:20:4020 debug: ✅ Conexión a MySQL establecida correctamente. 
2026-01-16 19:40:22:4022 debug: ✅ Modelos sincronizados con la base de datos. 
2026-01-16 19:42:48:4248 debug: 🕒 Request procesada para Timezone: UTC | Server Time: 2026-01-17T00:42:48.407Z 
2026-01-16 19:42:48:4248 http: GET /api/auth/ 404 37.931 ms 
2026-01-16 19:42:51:4251 debug: 🕒 Request procesada para Timezone: UTC | Server Time: 2026-01-17T00:42:51.949Z 
2026-01-16 19:42:51:4251 http: GET /apii 404 1.284 ms 
2026-01-16 19:43:01:431 debug: 🕒 Request procesada para Timezone: UTC | Server Time: 2026-01-17T00:43:01.055Z 
2026-01-16 19:43:01:431 http: GET /api 404 3.950 ms 
2026-01-16 19:44:29:4429 debug: ✅ Conexión a MySQL establecida correctamente. 
2026-01-16 19:44:31:4431 debug: ✅ Modelos sincronizados con la base de datos. 
2026-01-16 19:44:33:4433 debug: 🕒 Request procesada para Timezone: UTC | Server Time: 2026-01-17T00:44:33.586Z 
2026-01-16 19:44:33:4433 http: GET /api 200 5.603 ms 
2026-01-16 19:45:12:4512 debug: 🕒 Request procesada para Timezone: UTC | Server Time: 2026-01-17T00:45:12.198Z 
2026-01-16 19:45:12:4512 http: GET /api 304 3.435 ms 
2026-01-16 19:45:56:4556 debug: 🕒 Request procesada para Timezone: UTC | Server Time: 2026-01-17T00:45:56.761Z 
2026-01-16 19:45:56:4556 http: GET /api 304 0.973 ms 
2026-01-16 19:46:07:467 debug: 🕒 Request procesada para Timezone: UTC | Server Time: 2026-01-17T00:46:07.091Z 
2026-01-16 19:46:07:467 http: GET /api 200 0.696 ms 
2026-01-16 19:46:39:4639 debug: 🕒 Request procesada para Timezone: UTC | Server Time: 2026-01-17T00:46:39.090Z 
2026-01-16 19:46:39:4639 http: GET /api/auth 200 1.150 ms 
2026-01-16 19:46:50:4650 debug: 🕒 Request procesada para Timezone: UTC | Server Time: 2026-01-17T00:46:50.960Z 
2026-01-16 19:46:50:4650 http: GET /api/auth/register 200 1.058 ms 
2026-01-16 19:47:14:4714 debug: 🕒 Request procesada para Timezone: UTC | Server Time: 2026-01-17T00:47:14.286Z 
2026-01-16 19:47:14:4714 http: POST /api/auth/register 200 1.073 ms 
2026-01-16 19:47:16:4716 debug: 🕒 Request procesada para Timezone: UTC | Server Time: 2026-01-17T00:47:16.700Z 
2026-01-16 19:47:16:4716 http: POST /api/auth/register 200 0.526 ms 
2026-01-16 19:47:37:4737 debug: 🕒 Request procesada para Timezone: UTC | Server Time: 2026-01-17T00:47:37.237Z 
2026-01-16 19:47:37:4737 http: POST /api/auth/logout 200 1.436 ms 
2026-01-16 19:48:40:4840 debug: ✅ Conexión a MySQL establecida correctamente. 
2026-01-16 19:48:42:4842 debug: ✅ Modelos sincronizados con la base de datos. 
2026-01-16 19:48:48:4848 debug: 🕒 Request procesada para Timezone: UTC | Server Time: 2026-01-17T00:48:48.093Z 
2026-01-16 19:48:48:4848 http: POST /api/auth/logout 200 37.483 ms 
2026-01-16 19:48:54:4854 debug: 🕒 Request procesada para Timezone: UTC | Server Time: 2026-01-17T00:48:54.847Z 
2026-01-16 19:48:54:4854 http: GET /api 404 4.302 ms 
2026-01-16 19:49:00:490 debug: 🕒 Request procesada para Timezone: UTC | Server Time: 2026-01-17T00:49:00.182Z 
2026-01-16 19:49:00:490 http: POST /api/auth/logout 200 5.434 ms 
2026-01-16 19:50:28:5028 debug: 🕒 Request procesada para Timezone: UTC | Server Time: 2026-01-17T00:50:28.293Z 
2026-01-16 19:50:28:5028 http: DELETE /pi/subgoals/695335c334814fb737294fde 404 1.515 ms 
2026-01-16 19:52:16:5216 debug: 🕒 Request procesada para Timezone: UTC | Server Time: 2026-01-17T00:52:16.739Z 
2026-01-16 19:52:16:5216 http: PUT /api/tasks/694f52ff3b44f8c43b220500/toggle 404 3.877 ms 
2026-01-16 20:18:17:1817 debug: ✅ Conexión a MySQL establecida correctamente. 
2026-01-16 20:18:19:1819 debug: ✅ Modelos sincronizados con la base de datos. 
2026-01-16 20:19:50:1950 debug: ✅ Conexión a MySQL establecida correctamente. 
2026-01-16 20:19:52:1952 debug: ✅ Modelos sincronizados con la base de datos. 
2026-01-16 20:19:57:1957 debug: 🕒 Request procesada para Timezone: UTC | Server Time: 2026-01-17T01:19:57.638Z 
2026-01-16 20:19:57:1957 http: GET /api 404 38.252 ms 
2026-01-16 20:20:03:203 debug: 
🛑 Cerrando workers... 
